<?xml version="1.0" encoding="UTF-8"?>
<testng-results skipped="0" failed="0" total="2" passed="2">
  <reporter-output>
  </reporter-output>
  <suite name="Default suite" duration-ms="22611" started-at="2018-07-03T07:22:27Z" finished-at="2018-07-03T07:22:50Z">
    <groups>
    </groups>
    <test name="Default test" duration-ms="22611" started-at="2018-07-03T07:22:27Z" finished-at="2018-07-03T07:22:50Z">
      <class name="com.Automation.Bing.AppTest">
        <test-method status="PASS" signature="Launch_Browser()[pri:0, instance:com.Automation.Bing.AppTest@12cc05a]" name="Launch_Browser" is-config="true" duration-ms="7639" started-at="2018-07-03T12:52:27Z" finished-at="2018-07-03T12:52:35Z">
          <reporter-output>
          </reporter-output>
        </test-method> <!-- Launch_Browser -->
        <test-method status="PASS" signature="BingTest()[pri:0, instance:com.Automation.Bing.AppTest@12cc05a]" name="BingTest" duration-ms="12728" started-at="2018-07-03T12:52:35Z" finished-at="2018-07-03T12:52:47Z">
          <reporter-output>
          </reporter-output>
        </test-method> <!-- BingTest -->
        <test-method status="PASS" signature="SawpTest()[pri:0, instance:com.Automation.Bing.AppTest@12cc05a]" name="SawpTest" duration-ms="2224" started-at="2018-07-03T12:52:47Z" finished-at="2018-07-03T12:52:50Z">
          <reporter-output>
          </reporter-output>
        </test-method> <!-- SawpTest -->
        <test-method status="PASS" signature="afterClass()[pri:0, instance:com.Automation.Bing.AppTest@12cc05a]" name="afterClass" is-config="true" duration-ms="0" started-at="2018-07-03T12:52:50Z" finished-at="2018-07-03T12:52:50Z">
          <reporter-output>
          </reporter-output>
        </test-method> <!-- afterClass -->
      </class> <!-- com.Automation.Bing.AppTest -->
    </test> <!-- Default test -->
  </suite> <!-- Default suite -->
</testng-results>
